46319191
450043440
624320052
465680709
852057589
867612518
985201249
454036528
659232153
735770172
584009659
384101806
713751766
868747023
272639437
796919688
179777961
497935437
878911012
714299432
963112840
129978630
87649593
475740105
858719700
962136565
758836279
618044840
160179666
587002114
298502006
98735662
849733712
188660616
280384748
161269800
309980953
714782523
799530853
246552903
57897209
642418525
962177975
366007365
830141906
920471328
908131896
402637673
340703273
626273685
536321389
682263214
706995814
697468892
550363333
113459622
851837609
100086039
321178672
935996922
981971124
309671723
890658679
194649492
403080423
863996099
999661768
309518982
666546874
641415195
531199069
384982482
354780122
801176306
354306095
603032867
367852505
96473689
911732509
669598574
689657185
558105992
182467522
290684596
318771997
896259262
101259870
220705938
992598958
481786763
905823663
419900054
554579092
899293771
665842400
185527151
607801859
302304306
721318532
707022015
208571741
994204801
127199110
273957080
612643397
453724651
516596955
189053924
423574476
907710250
763627022
968367934
869287720
611585389
126354821
199742048
465168477
65020331
668595374
34346304
535347976
7562919
349880974
640518809
663941143
253888382
537025144
418010162
124985560
727131507
63427211
731865919
766725523
652055936
175312835
682260414
442883785
407901037
228291160
368170111
774893193
955091386
336938683
644848042
242882216
703073038
153518744
427535211
21866681
51784575
655501054
263106449
800187819
323100418
376894161
949086897
356558732
668346742
38678729
578109213
463924050
111593154
113357087
848915076
481531495
770189114
958185424
648683882
520349217
84165353
684942910
880246859
866167131
619643935
6418369
226088989
150908232
454194862
953790715
578846829
844976442
579525245
18599244
351999205
479683509
919024708
195138661
467766749
692106126
722700866
500595551
990818841
90344496
142979267
414767433
795176436
683724259
994318877
698984532
522150948
545773373
158346845
67766156
994954194
799027293
261658288
121098851
614884180
264234230
589341575
418541229
522301863
259200692
363796050
335013330
993726444
722281041
209704505
22372183
222452620
777383511
60739125
263070623
932614829
537937852
76208328
743967328
545758642
231976897
523183123
926491592
675548755
267394740
177052988
897897698
860545417
244986867
415243807
452656883
399629747
15663130
512167496
421538038
224066800
988987445
104163818
146209515
54307335
400592633
79261992
437071237
454850232
169605174
620824858
864704411
466921639
552713201
106569473
545762255
885775001
84727221
268803497
520476789
730528673
878658360
359640777
912720842
94911646
762685048
392770026
88586719
598049645
155198723
443536731
157294093
900342449
792945833
723351987
256076193
743282015
696089976
145609649
511915293
923357409
991780708
651212217
372745306
149204999
404519213
812330131
724403525
489335572
438091153
306506648
757030842
437137287
699512653
643906568
656361079
868516647
371498563
607257707
200844623
249538780
52222569
497251726
248142418
885599608
10192624
271110133
736250408
134300514
228691816
906331121
731270187
152097817
138911218
42803810
626145489
658299855
415569949
742398600
630021399
362372754
527741870
133252896
917235679
766001180
418249357
581778143
333916038
596100578
798850871
347377791
415172238
749266027
371001588
458398381
145559567
28175818
711176445
911835566
223149456
3837411
644724565
59516616
747890843
301982766
749106689
602124966
879046653
543947590
40008921
945323719
106664877
233622456
743795468
504756562
343106864
455799111
139623376
382132679
11000496
13503139
725109480
446698251
491581013
234181122
19113474
812460193
102009783
703784912
493835914
40169658
373014278
588023098
927365839
154920294
600825709
383552406
400165283
585400545
22296411
243313737
665254061
722945563
236547963
436441737
963379797
203819862
30997252
599207580
46686695
662819743
351364893
132542932
869342920
207020505
529435406
118304357
685701956
551515623
271675050
603535604
66829359
325418450
736302110
251936851
857004369
434511460
282553922
705709517
550030347
663899119
208011225
54674066
881671931
694701887
450762829
679929008
529810727
770633350
90324277
293206817
481112582
944348056
116466572
761740688
38356239
398161049
995122661
916522372
893239152
201154801
787786282
578171724
101539855
619346672
310084363
536371240
777048853
897854194
328027371
954815327
375053381
537408213
749271099
187685899
732270411
415214159
967049238
969245309
950565092
488423814
513876570
971522252
815336534
800291130
785949133
445765664
58300674
384126580
94757478
909996903
811519584
657170386
534045869
391887091
682846447
619074694
483030559
569801530
142470528
315811197
485416437
694297043
94083797
324470310
216021712
92454035
220548150
228826153
19548224
553538402
958775090
679470263
815858533
740274558
186257815
783152468
487809744
135984161
439308469
426826067
702104760
788994826
174634050
424737402
549277706
163397158
852126566
92180915
913945832
109823393
389015272
388741940
923163799
554328875
307164382
361304301
48438090
562537429
754602372
290339524
622866320
93010468
511520063
873250938
717160454
585036750
628472869
545542058
630581558
816133383
96282700
261127069
55600899
141712188
711537100
67762386
693847972
824858524
380601549
663636896
886624933
984625368
131369204
786178832
288673573
571509458
202558415
972588187
577550174
850605520
822050814
825768265
441005636
768920676
907209859
905955644
200645421
183339663
2814413
961876343
145358194
118498349
796807674
704598345
953583263
686270203
692572469
877752326
148529680
335654909
26551711
579544709
19685653
882805092
279523185
946089864
497540888
626806314
730466314
856409987
35025747
925451221
140517581
102145649
644312129
955680847
660962652
730809428
304226664
593765524
578944451
740635322
890117476
66726549
102602707
622824689
850621755
114809470
98829116
442180564
957198808
307997993
640804664
632799853
437202381
754988322
111844302
126387786
561847212
156485398
447969215
21134385
519865341
847599718
416246491
682464715
166268894
304292232
192470874
538096739
368001110
234864052
984509878
713359001
358577568
254280594
90596723
989825204
937627378
276923737
97108914
213565356
943321492
980983411
580508025
526746957
172152648
968043868
698770892
353065276
692556956
17773504
415443783
15747460
578411812
177195617
640443530
417324482
277882182
837798240
585758409
160338171
467246845
921973305
487262460
274729542
929261227
472020209
132420905
187420323
644413429
387473940
55028784
651945398
726726956
733092790
535801757
362823183
398284003
730599650
265837126
898447877
565236004
821632520
729851011
726033808
750839551
908801318
601918526
574295869
889734941
635160518
347436346
247741136
138355143
473159136
936338858
808863277
533816563
887940516
374255686
778154266
33427426
339832773
241220127
693490830
275976407
907688396
766066547
302977550
481122189
344596375
438114161
309890212
738609378
38411024
482717723
480842183
321687198
754329377
892027109
13764382
419604168
803091056
54023841
728333032
724023898
161398611
983188424
844930552
673543787
986733985
535330305
671554797
238571436
710118739
121553298
120055087
652487985
553350290
550842664
326167586
490144003
888709091
255114839
358918390
375898629
905888590
512713510
565830742
414680393
195553147
321633456
60631586
787635200
88182608
118813728
412119295
828664245
248181634
169279581
805401528
180583481
195500898
203951858
751247820
863310079
536446817
994034418
238332018
570276718
462340732
443427119
805648989
264757697
354012696
44438346
60521949
506846006
255733100
271817360
207458700
688425571
284087656
848792565
617663453
979368115
478392682
186422237
421045672
911707241
950374201
949247903
312064413
897318595
882466028
395555390
950557547
376884109
760309504
990960111
59314397
650475011
499666090
964475841
416272304
523560402
750962668
540304984
59072547
66487118
902579424
628186728
206850567
596171562
140582142
608164948
845088001
22861017
214841518
778762982
499727643
263413406
52634800
399976996
472388931
364909588
2657152
698308572
303694870
512058400
3155047
315869263
970332462
564705143
488831339
820024800
943685379
980839949
556900238
77919504
223976055
581243098
929459522
3